0 info it worked if it ends with ok
1 verbose cli [ '/usr/bin/node', '/usr/bin/npm', 'install', '-g', 'bower' ]
2 info using npm@3.10.10
3 info using node@v6.10.0
4 silly loadCurrentTree Starting
5 silly install loadCurrentTree
6 silly install readGlobalPackageData
7 silly fetchPackageMetaData bower
8 silly fetchNamedPackageData bower
9 silly mapToRegistry name bower
10 silly mapToRegistry using default registry
11 silly mapToRegistry registry https://registry.npmjs.org/
12 silly mapToRegistry data Result {
12 silly mapToRegistry   raw: 'bower',
12 silly mapToRegistry   scope: null,
12 silly mapToRegistry   escapedName: 'bower',
12 silly mapToRegistry   name: 'bower',
12 silly mapToRegistry   rawSpec: '',
12 silly mapToRegistry   spec: 'latest',
12 silly mapToRegistry   type: 'tag' }
13 silly mapToRegistry uri https://registry.npmjs.org/bower
14 verbose request uri https://registry.npmjs.org/bower
15 verbose request no auth needed
16 info attempt registry request try #1 at 13:38:55
17 verbose request id 7dec03186349fc97
18 verbose etag W/"59d24489-30050"
19 verbose lastModified Mon, 02 Oct 2017 13:52:09 GMT
20 http request GET https://registry.npmjs.org/bower
21 info retry will retry, error on last attempt: Error: getaddrinfo ENOTFOUND registry.npmjs.org registry.npmjs.org:443
22 info attempt registry request try #2 at 13:39:10
23 verbose etag W/"59d24489-30050"
24 verbose lastModified Mon, 02 Oct 2017 13:52:09 GMT
25 http request GET https://registry.npmjs.org/bower
26 http 200 https://registry.npmjs.org/bower
27 verbose headers { server: 'nginx/1.10.1',
27 verbose headers   'content-type': 'application/json',
27 verbose headers   'last-modified': 'Thu, 05 Oct 2017 11:40:04 GMT',
27 verbose headers   etag: 'W/"59d61a14-30031"',
27 verbose headers   'content-encoding': 'gzip',
27 verbose headers   'cache-control': 'max-age=300',
27 verbose headers   'content-length': '17414',
27 verbose headers   'accept-ranges': 'bytes',
27 verbose headers   date: 'Mon, 09 Oct 2017 10:38:58 GMT',
27 verbose headers   via: '1.1 varnish',
27 verbose headers   age: '123',
27 verbose headers   connection: 'keep-alive',
27 verbose headers   'x-served-by': 'cache-bma7020-BMA',
27 verbose headers   'x-cache': 'HIT',
27 verbose headers   'x-cache-hits': '2',
27 verbose headers   'x-timer': 'S1507545539.557628,VS0,VE0',
27 verbose headers   vary: 'Accept-Encoding, Accept' }
28 silly get cb [ 200,
28 silly get   { server: 'nginx/1.10.1',
28 silly get     'content-type': 'application/json',
28 silly get     'last-modified': 'Thu, 05 Oct 2017 11:40:04 GMT',
28 silly get     etag: 'W/"59d61a14-30031"',
28 silly get     'content-encoding': 'gzip',
28 silly get     'cache-control': 'max-age=300',
28 silly get     'content-length': '17414',
28 silly get     'accept-ranges': 'bytes',
28 silly get     date: 'Mon, 09 Oct 2017 10:38:58 GMT',
28 silly get     via: '1.1 varnish',
28 silly get     age: '123',
28 silly get     connection: 'keep-alive',
28 silly get     'x-served-by': 'cache-bma7020-BMA',
28 silly get     'x-cache': 'HIT',
28 silly get     'x-cache-hits': '2',
28 silly get     'x-timer': 'S1507545539.557628,VS0,VE0',
28 silly get     vary: 'Accept-Encoding, Accept' } ]
29 verbose get saving bower to /home/nicola/.npm/registry.npmjs.org/bower/.cache.json
30 verbose correctMkdir /home/nicola/.npm correctMkdir not in flight; initializing
31 silly install normalizeTree
32 silly loadCurrentTree Finishing
33 silly loadIdealTree Starting
34 silly install loadIdealTree
35 silly cloneCurrentTree Starting
36 silly install cloneCurrentTreeToIdealTree
37 silly cloneCurrentTree Finishing
38 silly loadShrinkwrap Starting
39 silly install loadShrinkwrap
40 silly loadShrinkwrap Finishing
41 silly loadAllDepsIntoIdealTree Starting
42 silly install loadAllDepsIntoIdealTree
43 silly resolveWithNewModule bower@1.8.2 checking installable status
44 silly cache add args [ 'bower', null ]
45 verbose cache add spec bower
46 silly cache add parsed spec Result {
46 silly cache add   raw: 'bower',
46 silly cache add   scope: null,
46 silly cache add   escapedName: 'bower',
46 silly cache add   name: 'bower',
46 silly cache add   rawSpec: '',
46 silly cache add   spec: 'latest',
46 silly cache add   type: 'tag' }
47 silly addNamed bower@latest
48 verbose addNamed "latest" is being treated as a dist-tag for bower
49 info addNameTag [ 'bower', 'latest' ]
50 silly mapToRegistry name bower
51 silly mapToRegistry using default registry
52 silly mapToRegistry registry https://registry.npmjs.org/
53 silly mapToRegistry data Result {
53 silly mapToRegistry   raw: 'bower',
53 silly mapToRegistry   scope: null,
53 silly mapToRegistry   escapedName: 'bower',
53 silly mapToRegistry   name: 'bower',
53 silly mapToRegistry   rawSpec: '',
53 silly mapToRegistry   spec: 'latest',
53 silly mapToRegistry   type: 'tag' }
54 silly mapToRegistry uri https://registry.npmjs.org/bower
55 verbose addNameTag registry:https://registry.npmjs.org/bower not in flight; fetching
56 verbose get https://registry.npmjs.org/bower not expired, no request
57 silly addNameTag next cb for bower with tag latest
58 silly addNamed bower@1.8.2
59 verbose addNamed "1.8.2" is a plain semver version for bower
60 warn deprecated bower@1.8.2: ...psst! Your project can stop working at any moment because its dependencies can change. Prevent this by migrating to Yarn: https://bower.io/blog/2017/how-to-migrate-away-from-bower/
61 silly cache afterAdd bower@1.8.2
62 verbose afterAdd /home/nicola/.npm/bower/1.8.2/package/package.json not in flight; writing
63 verbose correctMkdir /home/nicola/.npm correctMkdir not in flight; initializing
64 verbose afterAdd /home/nicola/.npm/bower/1.8.2/package/package.json written
65 silly loadAllDepsIntoIdealTree Finishing
66 silly loadIdealTree Finishing
67 silly currentTree lib
67 silly currentTree └── bower@1.8.2
68 silly idealTree lib
68 silly idealTree └── bower@1.8.2
69 silly generateActionsToTake Starting
70 silly install generateActionsToTake
71 warn checkPermissions Missing write access to /usr/lib/node_modules/bower
72 warn checkPermissions Missing write access to /usr/lib/node_modules
73 silly rollbackFailedOptional Starting
74 silly rollbackFailedOptional Finishing
75 silly runTopLevelLifecycles Finishing
76 silly install printInstalled
77 verbose stack Error: EACCES: permission denied, access '/usr/lib/node_modules/bower'
77 verbose stack     at Error (native)
78 verbose cwd /home/nicola/Workspace/globalsecretmanager
79 error Linux 4.10.10-200.fc25.x86_64
80 error argv "/usr/bin/node" "/usr/bin/npm" "install" "-g" "bower"
81 error node v6.10.0
82 error npm  v3.10.10
83 error path /usr/lib/node_modules/bower
84 error code EACCES
85 error errno -13
86 error syscall access
87 error Error: EACCES: permission denied, access '/usr/lib/node_modules/bower'
87 error     at Error (native)
87 error  { Error: EACCES: permission denied, access '/usr/lib/node_modules/bower'
87 error     at Error (native)
87 error   errno: -13,
87 error   code: 'EACCES',
87 error   syscall: 'access',
87 error   path: '/usr/lib/node_modules/bower' }
88 error Please try running this command again as root/Administrator.
89 verbose exit [ -13, true ]
